<?xml version="1.0" encoding="UTF-8"?>
<!-- Generated by org.testng.reporters.JUnitXMLReporter -->
<testsuite ignored="0" hostname="LAPTOP-PFE23NMV" failures="1" tests="3" name="Test" time="0.066" errors="0" timestamp="2023-08-30T16:38:42 IST">
  <testcase classname="listener.RunnerClass" name="test1" time="0.008"/>
  <testcase classname="listener.RunnerClass" name="test2" time="0.005">
    <failure type="java.lang.AssertionError" message="null">
      <![CDATA[java.lang.AssertionError: null
at listener.RunnerClass.test2(RunnerClass.java:17)
at java.base/java.util.ArrayList.forEach(ArrayList.java:1511)
... Removed 29 stack frames]]>
    </failure>
  </testcase> <!-- test2 -->
  <testcase classname="listener.RunnerClass" name="test3" time="0.0">
    <skipped/>
  </testcase> <!-- test3 -->
</testsuite> <!-- Test -->
